<?xml version="1.0" encoding="UTF-8"?>
<!-- Generated by org.testng.reporters.JUnitReportReporter -->
<testsuite skipped="6" hostname="mbilawal-lt" name="SmokeTest.ShopifyTest" tests="7" failures="0" timestamp="2020-03-30T14:41:44 PKT" time="65.243" errors="1">
  <testcase name="B4Test" time="65.243" classname="SmokeTest.ShopifyTest">
    <error type="org.openqa.selenium.ElementClickInterceptedException" message="element click intercepted: Element &lt;div class=&quot;button-container&quot;&gt;...&lt;/div&gt; is not clickable at point (24, 25). Other element would receive the click: &lt;div tabindex=&quot;-1&quot; id=&quot;ShellBlockingDiv&quot; class=&quot;applicationShell-blockingMessage unselectable&quot; style=&quot;&quot; data-dyn-bind=&quot;click: $dyn.shell.animateBlockingText, keyDown: $dyn.shell.blockingDivKeydown&quot;&gt;...&lt;/div&gt;
  (Session info: chrome=80.0.3987.149)
Build info: version: &#039;3.141.59&#039;, revision: &#039;e82be7d358&#039;, time: &#039;2018-11-14T08:17:03&#039;
System info: host: &#039;MBILAWAL-LT&#039;, ip: &#039;10.165.2.217&#039;, os.name: &#039;Windows 10&#039;, os.arch: &#039;amd64&#039;, os.version: &#039;10.0&#039;, java.version: &#039;1.8.0_211&#039;
Driver info: org.openqa.selenium.chrome.ChromeDriver
Capabilities {acceptInsecureCerts: false, browserName: chrome, browserVersion: 80.0.3987.149, chrome: {chromedriverVersion: 80.0.3987.16 (320f6526c1632..., userDataDir: C:\Users\mbilawal\AppData\L...}, goog:chromeOptions: {debuggerAddress: localhost:63852}, javascriptEnabled: true, networkConnectionEnabled: false, pageLoadStrategy: normal, platform: WINDOWS, platformName: WINDOWS, proxy: Proxy(), setWindowRect: true, strictFileInteractability: false, timeouts: {implicit: 0, pageLoad: 300000, script: 30000}, unhandledPromptBehavior: dismiss and notify}
Session ID: d84f99a4b46e870cc43ae4831a78e66e">
      <![CDATA[org.openqa.selenium.ElementClickInterceptedException: element click intercepted: Element <div class="button-container">...</div> is not clickable at point (24, 25). Other element would receive the click: <div tabindex="-1" id="ShellBlockingDiv" class="applicationShell-blockingMessage unselectable" style="" data-dyn-bind="click: $dyn.shell.animateBlockingText, keyDown: $dyn.shell.blockingDivKeydown">...</div>
  (Session info: chrome=80.0.3987.149)
Build info: version: '3.141.59', revision: 'e82be7d358', time: '2018-11-14T08:17:03'
System info: host: 'MBILAWAL-LT', ip: '10.165.2.217', os.name: 'Windows 10', os.arch: 'amd64', os.version: '10.0', java.version: '1.8.0_211'
Driver info: org.openqa.selenium.chrome.ChromeDriver
Capabilities {acceptInsecureCerts: false, browserName: chrome, browserVersion: 80.0.3987.149, chrome: {chromedriverVersion: 80.0.3987.16 (320f6526c1632..., userDataDir: C:\Users\mbilawal\AppData\L...}, goog:chromeOptions: {debuggerAddress: localhost:63852}, javascriptEnabled: true, networkConnectionEnabled: false, pageLoadStrategy: normal, platform: WINDOWS, platformName: WINDOWS, proxy: Proxy(), setWindowRect: true, strictFileInteractability: false, timeouts: {implicit: 0, pageLoad: 300000, script: 30000}, unhandledPromptBehavior: dismiss and notify}
Session ID: d84f99a4b46e870cc43ae4831a78e66e
at sun.reflect.NativeConstructorAccessorImpl.newInstance0(Native Method)
at sun.reflect.NativeConstructorAccessorImpl.newInstance(Unknown Source)
at sun.reflect.DelegatingConstructorAccessorImpl.newInstance(Unknown Source)
at java.lang.reflect.Constructor.newInstance(Unknown Source)
at org.openqa.selenium.remote.http.W3CHttpResponseCodec.createException(W3CHttpResponseCodec.java:187)
at org.openqa.selenium.remote.http.W3CHttpResponseCodec.decode(W3CHttpResponseCodec.java:122)
at org.openqa.selenium.remote.http.W3CHttpResponseCodec.decode(W3CHttpResponseCodec.java:49)
at org.openqa.selenium.remote.HttpCommandExecutor.execute(HttpCommandExecutor.java:158)
at org.openqa.selenium.remote.service.DriverCommandExecutor.execute(DriverCommandExecutor.java:83)
at org.openqa.selenium.remote.RemoteWebDriver.execute(RemoteWebDriver.java:552)
at org.openqa.selenium.remote.RemoteWebElement.execute(RemoteWebElement.java:285)
at org.openqa.selenium.remote.RemoteWebElement.click(RemoteWebElement.java:84)
at SmokeTest.ShopifyTest.B4Test(ShopifyTest.java:127)
at sun.reflect.NativeMethodAccessorImpl.invoke0(Native Method)
at sun.reflect.NativeMethodAccessorImpl.invoke(Unknown Source)
at sun.reflect.DelegatingMethodAccessorImpl.invoke(Unknown Source)
at java.lang.reflect.Method.invoke(Unknown Source)
at org.testng.internal.MethodInvocationHelper.invokeMethod(MethodInvocationHelper.java:133)
at org.testng.internal.MethodInvocationHelper.invokeMethodConsideringTimeout(MethodInvocationHelper.java:62)
at org.testng.internal.ConfigInvoker.invokeConfigurationMethod(ConfigInvoker.java:340)
at org.testng.internal.ConfigInvoker.invokeConfigurations(ConfigInvoker.java:294)
at org.testng.TestRunner.invokeTestConfigurations(TestRunner.java:623)
at org.testng.TestRunner.beforeRun(TestRunner.java:613)
at org.testng.TestRunner.run(TestRunner.java:584)
at org.testng.SuiteRunner.runTest(SuiteRunner.java:402)
at org.testng.SuiteRunner.runSequentially(SuiteRunner.java:396)
at org.testng.SuiteRunner.privateRun(SuiteRunner.java:355)
at org.testng.SuiteRunner.run(SuiteRunner.java:304)
at org.testng.SuiteRunnerWorker.runSuite(SuiteRunnerWorker.java:53)
at org.testng.SuiteRunnerWorker.run(SuiteRunnerWorker.java:96)
at org.testng.TestNG.runSuitesSequentially(TestNG.java:1180)
at org.testng.TestNG.runSuitesLocally(TestNG.java:1102)
at org.testng.TestNG.runSuites(TestNG.java:1032)
at org.testng.TestNG.run(TestNG.java:1000)
at org.testng.remote.AbstractRemoteTestNG.run(AbstractRemoteTestNG.java:115)
at org.testng.remote.RemoteTestNG.initAndRun(RemoteTestNG.java:251)
at org.testng.remote.RemoteTestNG.main(RemoteTestNG.java:77)
]]>
    </error>
  </testcase> <!-- B4Test -->
  <testcase name="VerifyProductSync" time="0.000" classname="SmokeTest.ShopifyTest">
    <skipped/>
  </testcase> <!-- VerifyProductSync -->
  <testcase name="VerifyProductUpdateSync" time="0.000" classname="SmokeTest.ShopifyTest">
    <skipped/>
  </testcase> <!-- VerifyProductUpdateSync -->
  <testcase name="VerifyProductQuantitySync" time="0.000" classname="SmokeTest.ShopifyTest">
    <skipped/>
  </testcase> <!-- VerifyProductQuantitySync -->
  <testcase name="VerifyOrderSync" time="0.000" classname="SmokeTest.ShopifyTest">
    <skipped/>
  </testcase> <!-- VerifyOrderSync -->
  <testcase name="VerifyOrderandInvoiceUpdateSync" time="0.000" classname="SmokeTest.ShopifyTest">
    <skipped/>
  </testcase> <!-- VerifyOrderandInvoiceUpdateSync -->
  <testcase name="VerifyTrackingNumberSync" time="0.000" classname="SmokeTest.ShopifyTest">
    <skipped/>
  </testcase> <!-- VerifyTrackingNumberSync -->
</testsuite> <!-- SmokeTest.ShopifyTest -->
