<?xml version="1.0" encoding="UTF-8"?>
<!-- Generated by org.testng.reporters.JUnitReportReporter -->
<testsuite skipped="0" hostname="mbilawal-lt" name="SmokeTest.ShopifyTest2" tests="1" failures="0" timestamp="2020-03-19T12:39:03 PKT" time="87.561" errors="0">
  <testcase name="CheckBrowserLaunch" time="87.561" classname="SmokeTest.ShopifyTest2"/>
</testsuite> <!-- SmokeTest.ShopifyTest2 -->
