<?xml version="1.0" encoding="UTF-8"?>
<!-- Generated by org.testng.reporters.JUnitReportReporter -->
<testsuite skipped="0" hostname="mbilawal-lt" name="SmokeTest.ShopifyTest3" tests="1" failures="0" timestamp="2020-03-17T14:03:03 PKT" time="56.787" errors="0">
  <testcase name="CheckBrowserLaunch" time="56.787" classname="SmokeTest.ShopifyTest3"/>
</testsuite> <!-- SmokeTest.ShopifyTest3 -->
