<?xml version="1.0" encoding="UTF-8"?>
<!-- Generated by org.testng.reporters.JUnitReportReporter -->
<testsuite skipped="0" hostname="mbilawal-lt" name="SmokeTest.ShopifyTest" tests="6" failures="0" timestamp="2020-04-01T12:03:38 PKT" time="191.091" errors="0">
  <testcase name="VerifyProductSync" time="0.021" classname="SmokeTest.ShopifyTest"/>
  <testcase name="VerifyProductUpdateSync" time="0.046" classname="SmokeTest.ShopifyTest"/>
  <testcase name="VerifyProductQuantitySync" time="0.050" classname="SmokeTest.ShopifyTest"/>
  <testcase name="VerifyOrderSync" time="162.663" classname="SmokeTest.ShopifyTest"/>
  <testcase name="VerifyOrderandInvoiceUpdateSync" time="28.271" classname="SmokeTest.ShopifyTest"/>
  <testcase name="VerifyTrackingNumberSync" time="0.040" classname="SmokeTest.ShopifyTest"/>
</testsuite> <!-- SmokeTest.ShopifyTest -->
