<?xml version="1.0" encoding="UTF-8"?>
<!-- Generated by org.testng.reporters.JUnitReportReporter -->
<testsuite skipped="0" hostname="mbilawal-lt" name="SmokeTest.ShopifyTest4" tests="5" failures="0" timestamp="2020-03-20T17:00:10 PKT" time="119.901" errors="0">
  <testcase name="VerifyProductSync" time="0.019" classname="SmokeTest.ShopifyTest4"/>
  <testcase name="VerifyProductUpdateSync" time="0.045" classname="SmokeTest.ShopifyTest4"/>
  <testcase name="VerifyProductQuantitySync" time="0.054" classname="SmokeTest.ShopifyTest4"/>
  <testcase name="VerifyOrderSync" time="114.351" classname="SmokeTest.ShopifyTest4"/>
  <testcase name="VerifyOrderandInvoiceUpdateSync" time="5.432" classname="SmokeTest.ShopifyTest4"/>
</testsuite> <!-- SmokeTest.ShopifyTest4 -->
